[23:49:36] [main/INFO]: Loading Minecraft 1.19.3 with Fabric Loader 0.14.14
[23:49:36] [main/INFO]: Loading 41 mods:
	- fabric-api 0.75.1+1.19.3
	- fabric-api-base 0.4.21+70be179c85 via fabric-api
	- fabric-api-lookup-api-v1 1.6.20+49abcf7e85 via fabric-api
	- fabric-biome-api-v1 12.1.1+b5d379b085 via fabric-api
	- fabric-block-api-v1 1.0.5+e022e5d185 via fabric-api
	- fabric-command-api-v1 1.2.22+f71b366f85 via fabric-api
	- fabric-command-api-v2 2.2.1+3fc4752e85 via fabric-api
	- fabric-commands-v0 0.2.39+df3654b385 via fabric-api
	- fabric-containers-v0 0.1.47+df3654b385 via fabric-api
	- fabric-content-registries-v0 3.5.1+1d37d50285 via fabric-api
	- fabric-convention-tags-v1 1.2.2+8e4e694f85 via fabric-api
	- fabric-crash-report-info-v1 0.2.14+aeb40ebe85 via fabric-api
	- fabric-data-generation-api-v1 11.3.1+40dc7a9485 via fabric-api
	- fabric-dimensions-v1 2.1.42+00a2eb1085 via fabric-api
	- fabric-entity-events-v1 1.5.7+b83334a085 via fabric-api
	- fabric-events-interaction-v0 0.4.40+3baeb27a85 via fabric-api
	- fabric-events-lifecycle-v0 0.2.44+df3654b385 via fabric-api
	- fabric-game-rule-api-v1 1.0.30+99f9db8085 via fabric-api
	- fabric-item-api-v1 2.1.10+312c329485 via fabric-api
	- fabric-item-group-api-v1 2.1.12+1134c5b885 via fabric-api
	- fabric-lifecycle-events-v1 2.2.10+23a79c8a85 via fabric-api
	- fabric-loot-api-v2 1.1.20+75e9821185 via fabric-api
	- fabric-loot-tables-v1 1.1.24+9e7660c685 via fabric-api
	- fabric-message-api-v1 5.1.0+c85585f885 via fabric-api
	- fabric-mining-level-api-v1 2.1.31+49abcf7e85 via fabric-api
	- fabric-networking-api-v1 1.2.17+4017a8cb85 via fabric-api
	- fabric-networking-v0 0.3.34+df3654b385 via fabric-api
	- fabric-object-builder-api-v1 5.4.1+eb2a3ba985 via fabric-api
	- fabric-particles-v1 1.0.20+f1e4495b85 via fabric-api
	- fabric-recipe-api-v1 1.0.1+5176f73d85 via fabric-api
	- fabric-registry-sync-v0 2.1.0+f7b4d36485 via fabric-api
	- fabric-rendering-data-attachment-v1 0.3.25+afca2f3e85 via fabric-api
	- fabric-rendering-fluids-v1 3.0.18+f1e4495b85 via fabric-api
	- fabric-resource-conditions-api-v1 2.3.0+e63306e085 via fabric-api
	- fabric-resource-loader-v0 0.10.5+a91e48b785 via fabric-api
	- fabric-screen-handler-api-v1 1.3.13+99f9db8085 via fabric-api
	- fabric-transfer-api-v1 2.1.15+ccd377ba85 via fabric-api
	- fabric-transitive-access-wideners-v1 2.3.1+40dc7a9485 via fabric-api
	- fabricloader 0.14.14
	- java 19
	- minecraft 1.19.3
[23:49:36] [main/INFO]: SpongePowered MIXIN Subsystem Version=0.8.5 Source=file:/C:/Program%20Files%20(x86)/Server%20Backup/libraries/net/fabricmc/sponge-mixin/0.11.4+mixin.0.8.5/sponge-mixin-0.11.4+mixin.0.8.5.jar Service=Knot/Fabric Env=SERVER
[23:49:37] [main/INFO]: Compatibility level set to JAVA_16
[23:49:37] [main/INFO]: Compatibility level set to JAVA_17
[23:49:43] [main/INFO]: Building unoptimized datafixer
[23:49:45] [main/INFO]: Environment: authHost='https://authserver.mojang.com', accountsHost='https://api.mojang.com', sessionHost='https://sessionserver.mojang.com', servicesHost='https://api.minecraftservices.com', name='PROD'
[23:49:45] [main/ERROR]: Exception reading .\world\level.dat
java.io.EOFException: Unexpected end of ZLIB input stream
	at java.util.zip.InflaterInputStream.fill(InflaterInputStream.java:244) ~[?:?]
	at java.util.zip.InflaterInputStream.read(InflaterInputStream.java:159) ~[?:?]
	at java.util.zip.GZIPInputStream.read(GZIPInputStream.java:117) ~[?:?]
	at net.minecraft.class_6826.read(class_6826.java:45) ~[server-intermediary.jar:?]
	at java.io.DataInputStream.readFully(DataInputStream.java:201) ~[?:?]
	at java.io.DataInputStream.readUTF(DataInputStream.java:614) ~[?:?]
	at java.io.DataInputStream.readUTF(DataInputStream.java:570) ~[?:?]
	at net.minecraft.class_2487$1.method_39852(class_2487.java:100) ~[server-intermediary.jar:?]
	at net.minecraft.class_2487$1.method_39852(class_2487.java:113) ~[server-intermediary.jar:?]
	at net.minecraft.class_2487$1.method_39852(class_2487.java:113) ~[server-intermediary.jar:?]
	at net.minecraft.class_2507.method_39855(class_2507.java:120) ~[server-intermediary.jar:?]
	at net.minecraft.class_2507.method_40058(class_2507.java:48) ~[server-intermediary.jar:?]
	at net.minecraft.class_2507.method_40057(class_2507.java:42) ~[server-intermediary.jar:?]
	at net.minecraft.class_32.method_40035(class_32.java:309) ~[server-intermediary.jar:?]
	at net.minecraft.class_32.method_29015(class_32.java:266) ~[server-intermediary.jar:?]
	at net.minecraft.class_32.method_26998(class_32.java:211) ~[server-intermediary.jar:?]
	at net.minecraft.class_32$class_5143.method_29584(class_32.java:378) ~[server-intermediary.jar:?]
	at net.minecraft.server.Main.main(Main.java:128) ~[server-intermediary.jar:?]
	at net.fabricmc.loader.impl.game.minecraft.MinecraftGameProvider.launch(MinecraftGameProvider.java:461) ~[fabric-loader-0.14.14.jar:?]
	at net.fabricmc.loader.impl.launch.knot.Knot.launch(Knot.java:74) ~[fabric-loader-0.14.14.jar:?]
	at net.fabricmc.loader.impl.launch.knot.KnotServer.main(KnotServer.java:23) ~[fabric-loader-0.14.14.jar:?]
	at net.fabricmc.loader.impl.launch.server.FabricServerLauncher.main(FabricServerLauncher.java:69) ~[fabric-loader-0.14.14.jar:?]
[23:49:46] [main/ERROR]: Exception reading .\world\level.dat
java.io.EOFException: Unexpected end of ZLIB input stream
	at java.util.zip.InflaterInputStream.fill(InflaterInputStream.java:244) ~[?:?]
	at java.util.zip.InflaterInputStream.read(InflaterInputStream.java:159) ~[?:?]
	at java.util.zip.GZIPInputStream.read(GZIPInputStream.java:117) ~[?:?]
	at net.minecraft.class_6826.read(class_6826.java:45) ~[server-intermediary.jar:?]
	at java.io.DataInputStream.readFully(DataInputStream.java:201) ~[?:?]
	at java.io.DataInputStream.readUTF(DataInputStream.java:614) ~[?:?]
	at java.io.DataInputStream.readUTF(DataInputStream.java:570) ~[?:?]
	at net.minecraft.class_2487$1.method_39852(class_2487.java:100) ~[server-intermediary.jar:?]
	at net.minecraft.class_2487$1.method_39852(class_2487.java:113) ~[server-intermediary.jar:?]
	at net.minecraft.class_2487$1.method_39852(class_2487.java:113) ~[server-intermediary.jar:?]
	at net.minecraft.class_2507.method_39855(class_2507.java:120) ~[server-intermediary.jar:?]
	at net.minecraft.class_2507.method_40058(class_2507.java:48) ~[server-intermediary.jar:?]
	at net.minecraft.class_2507.method_40057(class_2507.java:42) ~[server-intermediary.jar:?]
	at net.minecraft.class_32.method_40035(class_32.java:309) ~[server-intermediary.jar:?]
	at net.minecraft.class_32.method_29583(class_32.java:227) ~[server-intermediary.jar:?]
	at net.minecraft.class_32.method_26998(class_32.java:211) ~[server-intermediary.jar:?]
	at net.minecraft.class_32$class_5143.method_29585(class_32.java:390) ~[server-intermediary.jar:?]
	at net.minecraft.server.Main.method_46219(Main.java:243) ~[server-intermediary.jar:?]
	at net.minecraft.server.Main.main(Main.java:149) ~[server-intermediary.jar:?]
	at net.fabricmc.loader.impl.game.minecraft.MinecraftGameProvider.launch(MinecraftGameProvider.java:461) ~[fabric-loader-0.14.14.jar:?]
	at net.fabricmc.loader.impl.launch.knot.Knot.launch(Knot.java:74) ~[fabric-loader-0.14.14.jar:?]
	at net.fabricmc.loader.impl.launch.knot.KnotServer.main(KnotServer.java:23) ~[fabric-loader-0.14.14.jar:?]
	at net.fabricmc.loader.impl.launch.server.FabricServerLauncher.main(FabricServerLauncher.java:69) ~[fabric-loader-0.14.14.jar:?]
[23:49:47] [main/WARN]: Failed to load datapacks, can't proceed with server load. You can either fix your datapacks or reset to vanilla with --safeMode
java.util.concurrent.ExecutionException: net.minecraft.class_148: Loading NBT data
	at java.util.concurrent.CompletableFuture.reportGet(CompletableFuture.java:396) ~[?:?]
	at java.util.concurrent.CompletableFuture.get(CompletableFuture.java:2073) ~[?:?]
	at net.minecraft.server.Main.main(Main.java:199) ~[server-intermediary.jar:?]
	at net.fabricmc.loader.impl.game.minecraft.MinecraftGameProvider.launch(MinecraftGameProvider.java:461) ~[fabric-loader-0.14.14.jar:?]
	at net.fabricmc.loader.impl.launch.knot.Knot.launch(Knot.java:74) ~[fabric-loader-0.14.14.jar:?]
	at net.fabricmc.loader.impl.launch.knot.KnotServer.main(KnotServer.java:23) ~[fabric-loader-0.14.14.jar:?]
	at net.fabricmc.loader.impl.launch.server.FabricServerLauncher.main(FabricServerLauncher.java:69) ~[fabric-loader-0.14.14.jar:?]
Caused by: net.minecraft.class_148: Loading NBT data
	at net.minecraft.class_2487.method_10581(class_2487.java:506) ~[server-intermediary.jar:?]
	at net.minecraft.class_2487$1.method_23240(class_2487.java:71) ~[server-intermediary.jar:?]
	at net.minecraft.class_2487$1.method_23262(class_2487.java:57) ~[server-intermediary.jar:?]
	at net.minecraft.class_2487.method_10581(class_2487.java:500) ~[server-intermediary.jar:?]
	at net.minecraft.class_2487$1.method_23240(class_2487.java:71) ~[server-intermediary.jar:?]
	at net.minecraft.class_2487$1.method_23262(class_2487.java:57) ~[server-intermediary.jar:?]
	at net.minecraft.class_2507.method_10626(class_2507.java:147) ~[server-intermediary.jar:?]
	at net.minecraft.class_2507.method_10625(class_2507.java:91) ~[server-intermediary.jar:?]
	at net.minecraft.class_2507.method_10629(class_2507.java:36) ~[server-intermediary.jar:?]
	at net.minecraft.class_2507.method_30613(class_2507.java:26) ~[server-intermediary.jar:?]
	at net.minecraft.class_32.method_29582(class_32.java:244) ~[server-intermediary.jar:?]
	at net.minecraft.class_32.method_26998(class_32.java:211) ~[server-intermediary.jar:?]
	at net.minecraft.class_32$class_5143.method_27013(class_32.java:384) ~[server-intermediary.jar:?]
	at net.minecraft.server.Main.method_43613(Main.java:157) ~[server-intermediary.jar:?]
	at net.minecraft.class_7237.method_42098(class_7237.java:42) ~[server-intermediary.jar:?]
	at net.minecraft.server.Main.method_43612(Main.java:152) ~[server-intermediary.jar:?]
	at net.minecraft.class_156.method_43498(class_156.java:942) ~[server-intermediary.jar:?]
	at net.minecraft.class_156.method_43499(class_156.java:936) ~[server-intermediary.jar:?]
	at net.minecraft.server.Main.main(Main.java:150) ~[server-intermediary.jar:?]
	... 4 more
Caused by: java.io.EOFException: Unexpected end of ZLIB input stream
	at java.util.zip.InflaterInputStream.fill(InflaterInputStream.java:244) ~[?:?]
	at java.util.zip.InflaterInputStream.read(InflaterInputStream.java:159) ~[?:?]
	at java.util.zip.GZIPInputStream.read(GZIPInputStream.java:117) ~[?:?]
	at net.minecraft.class_6826.read(class_6826.java:45) ~[server-intermediary.jar:?]
	at java.io.DataInputStream.readFully(DataInputStream.java:201) ~[?:?]
	at java.io.DataInputStream.readUTF(DataInputStream.java:614) ~[?:?]
	at java.io.DataInputStream.readUTF(DataInputStream.java:570) ~[?:?]
	at net.minecraft.class_2487.method_10552(class_2487.java:495) ~[server-intermediary.jar:?]
	at net.minecraft.class_2487$1.method_23240(class_2487.java:68) ~[server-intermediary.jar:?]
	at net.minecraft.class_2487$1.method_23262(class_2487.java:57) ~[server-intermediary.jar:?]
	at net.minecraft.class_2487.method_10581(class_2487.java:500) ~[server-intermediary.jar:?]
	at net.minecraft.class_2487$1.method_23240(class_2487.java:71) ~[server-intermediary.jar:?]
	at net.minecraft.class_2487$1.method_23262(class_2487.java:57) ~[server-intermediary.jar:?]
	at net.minecraft.class_2487.method_10581(class_2487.java:500) ~[server-intermediary.jar:?]
	at net.minecraft.class_2487$1.method_23240(class_2487.java:71) ~[server-intermediary.jar:?]
	at net.minecraft.class_2487$1.method_23262(class_2487.java:57) ~[server-intermediary.jar:?]
	at net.minecraft.class_2507.method_10626(class_2507.java:147) ~[server-intermediary.jar:?]
	at net.minecraft.class_2507.method_10625(class_2507.java:91) ~[server-intermediary.jar:?]
	at net.minecraft.class_2507.method_10629(class_2507.java:36) ~[server-intermediary.jar:?]
	at net.minecraft.class_2507.method_30613(class_2507.java:26) ~[server-intermediary.jar:?]
	at net.minecraft.class_32.method_29582(class_32.java:244) ~[server-intermediary.jar:?]
	at net.minecraft.class_32.method_26998(class_32.java:211) ~[server-intermediary.jar:?]
	at net.minecraft.class_32$class_5143.method_27013(class_32.java:384) ~[server-intermediary.jar:?]
	at net.minecraft.server.Main.method_43613(Main.java:157) ~[server-intermediary.jar:?]
	at net.minecraft.class_7237.method_42098(class_7237.java:42) ~[server-intermediary.jar:?]
	at net.minecraft.server.Main.method_43612(Main.java:152) ~[server-intermediary.jar:?]
	at net.minecraft.class_156.method_43498(class_156.java:942) ~[server-intermediary.jar:?]
	at net.minecraft.class_156.method_43499(class_156.java:936) ~[server-intermediary.jar:?]
	at net.minecraft.server.Main.main(Main.java:150) ~[server-intermediary.jar:?]
	... 4 more
